21/08/10 19:36:57 580 [debug]: 	--------------------------------------------------
21/08/10 19:36:57 581 [debug]: 	|              Start Express Server              |
21/08/10 19:36:57 581 [debug]: 	--------------------------------------------------
21/08/10 19:36:57 581 [debug]: 	server address => http://192.168.219.101:3000
21/08/10 19:36:57 582 [debug]: 	--------------------------------------------------
21/08/10 19:37:48 567 [debug]: 	클라이언트가 접속했습니다.
21/08/10 19:37:48 568 [debug]: 	[client] ::1 / Windows 10.0 / Chrome(92.0.4515.131) / Microsoft Windows
21/08/10 19:37:48 568 [debug]: 	[GET] http://localhost:3000/login
21/08/10 19:37:48 575 [debug]: 	클라이언트의 접속이 종료되었습니다. ::: [runtime] 8ms
21/08/10 19:37:48 575 [debug]: 	--------------------------------------------------
21/08/10 19:38:11 444 [debug]: 	클라이언트가 접속했습니다.
21/08/10 19:38:11 445 [debug]: 	[client] ::1 / Windows 10.0 / Chrome(92.0.4515.131) / Microsoft Windows
21/08/10 19:38:11 445 [debug]: 	[GET] http://localhost:3000/session/login
21/08/10 19:38:11 446 [debug]: 	현재 로그인중이 아닙니다.
21/08/10 19:38:11 448 [debug]: 	클라이언트의 접속이 종료되었습니다. ::: [runtime] 3ms
21/08/10 19:38:11 448 [debug]: 	--------------------------------------------------
21/08/10 19:38:28 374 [debug]: 	클라이언트가 접속했습니다.
21/08/10 19:38:28 374 [debug]: 	[client] ::1 / Windows 10.0 / Chrome(92.0.4515.131) / Microsoft Windows
21/08/10 19:38:28 374 [debug]: 	[GET] http://localhost:3000/session
21/08/10 19:38:28 375 [debug]: 	[세션에 저장되어 있는 값] cookie=[object Object]
21/08/10 19:38:28 376 [debug]: 	클라이언트의 접속이 종료되었습니다. ::: [runtime] 2ms
21/08/10 19:38:28 377 [debug]: 	--------------------------------------------------
21/08/10 19:38:49 018 [debug]: 	클라이언트가 접속했습니다.
21/08/10 19:38:49 018 [debug]: 	[client] ::1 / Windows 10.0 / Chrome(92.0.4515.131) / Microsoft Windows
21/08/10 19:38:49 018 [debug]: 	[GET] http://localhost:3000/08_06/login.html
21/08/10 19:38:49 022 [debug]: 	클라이언트의 접속이 종료되었습니다. ::: [runtime] 4ms
21/08/10 19:38:49 022 [debug]: 	--------------------------------------------------
21/08/10 19:38:49 079 [debug]: 	클라이언트가 접속했습니다.
21/08/10 19:38:49 079 [debug]: 	[client] ::1 / Windows 10.0 / Chrome(92.0.4515.131) / Microsoft Windows
21/08/10 19:38:49 079 [debug]: 	[GET] http://localhost:3000/session/login
21/08/10 19:38:49 080 [debug]: 	현재 로그인중이 아닙니다.
21/08/10 19:38:49 081 [debug]: 	클라이언트의 접속이 종료되었습니다. ::: [runtime] 2ms
21/08/10 19:38:49 081 [debug]: 	--------------------------------------------------
21/08/10 19:38:52 339 [debug]: 	클라이언트가 접속했습니다.
21/08/10 19:38:52 339 [debug]: 	[client] ::1 / Windows 10.0 / Chrome(92.0.4515.131) / Microsoft Windows
21/08/10 19:38:52 339 [debug]: 	[POST] http://localhost:3000/session/login
21/08/10 19:38:52 354 [debug]: 	id=test
21/08/10 19:38:52 355 [debug]: 	pw=tes
21/08/10 19:38:52 355 [debug]: 	클라이언트의 접속이 종료되었습니다. ::: [runtime] 16ms
21/08/10 19:38:52 355 [debug]: 	--------------------------------------------------
21/08/10 19:39:17 128 [debug]: 	클라이언트가 접속했습니다.
21/08/10 19:39:17 128 [debug]: 	[client] ::1 / Windows 10.0 / Chrome(92.0.4515.131) / Microsoft Windows
21/08/10 19:39:17 128 [debug]: 	[POST] http://localhost:3000/session/login
21/08/10 19:39:17 129 [debug]: 	id=node
21/08/10 19:39:17 129 [debug]: 	pw=1234
21/08/10 19:39:17 129 [debug]: 	로그인 성공
21/08/10 19:39:17 130 [debug]: 	클라이언트의 접속이 종료되었습니다. ::: [runtime] 2ms
21/08/10 19:39:17 131 [debug]: 	--------------------------------------------------
