21/08/11 19:41:09 058 [debug]: 	--------------------------------------------------
21/08/11 19:41:09 060 [debug]: 	|              Start Express Server              |
21/08/11 19:41:09 060 [debug]: 	--------------------------------------------------
21/08/11 19:41:09 060 [debug]: 	server address => http://192.168.219.101:3000
21/08/11 19:41:09 060 [debug]: 	--------------------------------------------------
21/08/11 19:41:39 961 [debug]: 	클라이언트가 접속했습니다.
21/08/11 19:41:39 961 [debug]: 	[client] ::1 / Windows 10.0 / Chrome(92.0.4515.131) / Microsoft Windows
21/08/11 19:41:39 961 [debug]: 	[GET] http://localhost:3000/08_10_upload/api.html
21/08/11 19:41:39 969 [debug]: 	클라이언트의 접속이 종료되었습니다. ::: [runtime] 8ms
21/08/11 19:41:39 969 [debug]: 	--------------------------------------------------
21/08/11 19:41:51 726 [debug]: 	클라이언트가 접속했습니다.
21/08/11 19:41:51 726 [debug]: 	[client] ::1 / Windows 10.0 / Chrome(92.0.4515.131) / Microsoft Windows
21/08/11 19:41:51 726 [debug]: 	[POST] http://localhost:3000/upload/api
21/08/11 19:41:51 743 [debug]: 	클라이언트의 접속이 종료되었습니다. ::: [runtime] 17ms
21/08/11 19:41:51 743 [debug]: 	--------------------------------------------------
21/08/11 19:41:51 745 [debug]: 	클라이언트가 접속했습니다.
21/08/11 19:41:51 745 [debug]: 	[client] ::1 / Windows 10.0 / Chrome(92.0.4515.131) / Microsoft Windows
21/08/11 19:41:51 746 [debug]: 	[GET] http://localhost:3000/upload/1628678511734.png
21/08/11 19:41:51 749 [debug]: 	클라이언트의 접속이 종료되었습니다. ::: [runtime] 4ms
21/08/11 19:41:51 749 [debug]: 	--------------------------------------------------
