21/08/04 18:52:29 080 [debug]: 	-------------------------------------
21/08/04 18:52:29 082 [debug]: 	-------------------------------------
21/08/04 18:52:29 082 [debug]: 	undefined,undefined
21/08/04 18:52:48 432 [debug]: 	 --- 클라이언트가 접속했습니다. ---
21/08/04 18:52:48 433 [debug]: 	http://localhost:3000/product/http://localhost:3000/product
21/08/04 18:52:48 438 [debug]: 	클라이언트의 접속이 종료되었습니다. [runtime] 6
21/08/04 18:52:48 438 [debug]: 	
21/08/04 18:53:47 448 [debug]: 	 --- 클라이언트가 접속했습니다. ---
21/08/04 18:53:47 449 [debug]: 	http://localhost:3000/product/http://localhost:3000/product
21/08/04 18:53:47 450 [debug]: 	클라이언트의 접속이 종료되었습니다. [runtime] 1
21/08/04 18:53:47 450 [debug]: 	
21/08/04 18:53:55 314 [debug]: 	 --- 클라이언트가 접속했습니다. ---
21/08/04 18:53:55 314 [debug]: 	http://localhost:3000/product/http://localhost:3000/product
21/08/04 18:53:55 315 [debug]: 	클라이언트의 접속이 종료되었습니다. [runtime] 1
21/08/04 18:53:55 315 [debug]: 	
21/08/04 18:54:03 209 [debug]: 	 --- 클라이언트가 접속했습니다. ---
21/08/04 18:54:03 210 [debug]: 	http://localhost:3000/product/http://localhost:3000/product
21/08/04 18:54:03 210 [debug]: 	클라이언트의 접속이 종료되었습니다. [runtime] 1
21/08/04 18:54:03 210 [debug]: 	
21/08/04 18:54:06 106 [debug]: 	 --- 클라이언트가 접속했습니다. ---
21/08/04 18:54:06 106 [debug]: 	http://localhost:3000/product/http://localhost:3000/product
21/08/04 18:54:06 107 [debug]: 	클라이언트의 접속이 종료되었습니다. [runtime] 1
21/08/04 18:54:06 107 [debug]: 	
21/08/04 20:22:58 458 [debug]: 	--------------------------------------------------
21/08/04 20:22:58 460 [debug]: 	|              Start Express Server              |
21/08/04 20:22:58 460 [debug]: 	--------------------------------------------------
21/08/04 20:22:58 460 [debug]: 	server address => http://192.168.219.101:3000
21/08/04 20:22:58 460 [debug]: 	--------------------------------------------------
21/08/04 20:23:17 510 [debug]: 	클라이언트가 접속했습니다.
21/08/04 20:23:17 511 [debug]: 	[client] ::1 / Windows 10.0 / Chrome(92.0.4515.107) / Microsoft Windows
21/08/04 20:23:17 511 [debug]: 	[GET] http://localhost:3000/cookie
21/08/04 20:23:46 861 [debug]: 	클라이언트가 접속했습니다.
21/08/04 20:23:46 862 [debug]: 	[client] ::1 / Windows 10.0 / Chrome(92.0.4515.107) / Microsoft Windows
21/08/04 20:23:46 862 [debug]: 	[GET] http://localhost:3000/08_04/cookie.html
21/08/04 20:23:46 867 [debug]: 	클라이언트의 접속이 종료되었습니다. ::: [runtime] 5ms
21/08/04 20:23:46 867 [debug]: 	--------------------------------------------------
21/08/04 20:23:54 347 [debug]: 	클라이언트가 접속했습니다.
21/08/04 20:23:54 347 [debug]: 	[client] ::1 / Windows 10.0 / Chrome(92.0.4515.107) / Microsoft Windows
21/08/04 20:23:54 347 [debug]: 	[POST] http://localhost:3000/cookie
21/08/04 20:23:54 363 [debug]: 	[POST] msg=cookie_test
21/08/04 20:23:54 364 [debug]: 	클라이언트의 접속이 종료되었습니다. ::: [runtime] 17ms
21/08/04 20:23:54 364 [debug]: 	--------------------------------------------------
