21/07/30 19:55:51 452 [debug]: 	-------------------------------------
21/07/30 19:55:51 456 [debug]: 	-------------------------------------
21/07/30 19:55:51 456 [debug]: 	undefined,undefined
21/07/30 19:56:28 226 [debug]: 	 --- 클라이언트가 접속했습니다. ---
21/07/30 19:56:28 233 [debug]: 	클라이언트의 접속이 종료되었습니다. [runtime] 7
21/07/30 19:56:28 233 [debug]: 	
21/07/30 20:50:59 034 [debug]: 	-------------------------------------
21/07/30 20:50:59 036 [debug]: 	-------------------------------------
21/07/30 20:50:59 036 [debug]: 	undefined,undefined
21/07/30 20:51:25 076 [debug]: 	 --- 클라이언트가 접속했습니다. ---
21/07/30 20:51:25 081 [debug]: 	클라이언트의 접속이 종료되었습니다. [runtime] 4
21/07/30 20:51:25 081 [debug]: 	
21/07/30 20:51:25 119 [debug]: 	 --- 클라이언트가 접속했습니다. ---
21/07/30 20:51:25 121 [debug]: 	클라이언트의 접속이 종료되었습니다. [runtime] 1
21/07/30 20:51:25 122 [debug]: 	
21/07/30 20:51:28 101 [debug]: 	 --- 클라이언트가 접속했습니다. ---
21/07/30 20:51:28 102 [debug]: 	클라이언트의 접속이 종료되었습니다. [runtime] 0
21/07/30 20:51:28 102 [debug]: 	
21/07/30 20:51:34 001 [debug]: 	 --- 클라이언트가 접속했습니다. ---
21/07/30 20:51:34 002 [debug]: 	클라이언트의 접속이 종료되었습니다. [runtime] 1
21/07/30 20:51:34 002 [debug]: 	
21/07/30 20:51:36 571 [debug]: 	 --- 클라이언트가 접속했습니다. ---
21/07/30 20:51:36 572 [debug]: 	클라이언트의 접속이 종료되었습니다. [runtime] 1
21/07/30 20:51:36 572 [debug]: 	
21/07/30 20:51:42 167 [debug]: 	 --- 클라이언트가 접속했습니다. ---
21/07/30 20:51:42 171 [debug]: 	클라이언트의 접속이 종료되었습니다. [runtime] 4
21/07/30 20:51:42 171 [debug]: 	
21/07/30 21:14:14 203 [debug]: 	-------------------------------------
21/07/30 21:14:14 204 [debug]: 	-------------------------------------
21/07/30 21:14:14 205 [debug]: 	undefined,undefined
21/07/30 21:14:21 308 [debug]: 	-------------------------------------
21/07/30 21:14:21 310 [debug]: 	-------------------------------------
21/07/30 21:14:21 310 [debug]: 	undefined,undefined
21/07/30 21:14:45 494 [debug]: 	 --- 클라이언트가 접속했습니다. ---
21/07/30 21:15:23 509 [debug]: 	-------------------------------------
21/07/30 21:15:23 510 [debug]: 	-------------------------------------
21/07/30 21:15:23 510 [debug]: 	undefined,undefined
21/07/30 21:15:26 708 [debug]: 	 --- 클라이언트가 접속했습니다. ---
21/07/30 21:15:26 709 [debug]: 	http://localhost:3000/page1
21/07/30 21:15:26 713 [debug]: 	클라이언트의 접속이 종료되었습니다. [runtime] 4
21/07/30 21:15:26 713 [debug]: 	
21/07/30 21:16:43 448 [debug]: 	-------------------------------------
21/07/30 21:16:43 450 [debug]: 	-------------------------------------
21/07/30 21:16:43 450 [debug]: 	undefined,undefined
21/07/30 21:16:52 376 [debug]: 	 --- 클라이언트가 접속했습니다. ---
21/07/30 21:16:52 376 [debug]: 	http://localhost:3000/page1/http://localhost:3000/page1
21/07/30 21:16:52 380 [debug]: 	클라이언트의 접속이 종료되었습니다. [runtime] 4
21/07/30 21:16:52 380 [debug]: 	
21/07/30 21:17:07 052 [debug]: 	 --- 클라이언트가 접속했습니다. ---
21/07/30 21:17:07 052 [debug]: 	http://localhost:3000/page1%3F%ED%95%9C%EA%B8%80/http://localhost:3000/page1?한글
21/07/30 21:17:07 054 [debug]: 	클라이언트의 접속이 종료되었습니다. [runtime] 2
21/07/30 21:17:07 054 [debug]: 	
